<?xml version="1.0" encoding="UTF-8"?>
<testng-results ignored="0" total="0" passed="0" failed="0" skipped="0">
  <reporter-output>
  </reporter-output>
  <suite started-at="2025-08-19T14:19:26 IST" name="Surefire suite" finished-at="2025-08-19T14:19:34 IST" duration-ms="7721">
    <groups>
    </groups>
    <test started-at="2025-08-19T14:19:26 IST" name="Surefire test" finished-at="2025-08-19T14:19:34 IST" duration-ms="7721">
    </test> <!-- Surefire test -->
  </suite> <!-- Surefire suite -->
</testng-results>
