<?xml version="1.0" encoding="UTF-8"?>
<testng-results ignored="0" total="2" passed="2" failed="0" skipped="0">
  <reporter-output>
  </reporter-output>
  <suite started-at="2025-08-22T16:17:07 IST" name="AutomationSuite" finished-at="2025-08-22T16:17:18 IST" duration-ms="10112">
    <groups>
      <group name="cucumber">
        <method signature="AbstractTestNGCucumberTests.runScenario(io.cucumber.testng.PickleWrapper,io.cucumber.testng.FeatureWrapper)[pri:0, instance:testRunner.TestRunner@6b695b06]" name="runScenario" class="io.cucumber.testng.AbstractTestNGCucumberTests"/>
      </group> <!-- cucumber -->
    </groups>
    <test started-at="2025-08-22T16:17:07 IST" name="SmokeTests" finished-at="2025-08-22T16:17:18 IST" duration-ms="10112">
      <class name="testRunner.TestRunner">
        <test-method is-config="true" signature="setUpClass(org.testng.ITestContext)[pri:0, instance:testRunner.TestRunner@6b695b06]" started-at="2025-08-22T16:17:07 IST" name="setUpClass" finished-at="2025-08-22T16:17:08 IST" duration-ms="275" status="PASS">
          <params>
            <param index="0">
              <value>
                <![CDATA[org.testng.TestRunner@4694f434]]>
              </value>
            </param>
          </params>
          <reporter-output>
          </reporter-output>
        </test-method> <!-- setUpClass -->
        <test-method signature="runScenario(io.cucumber.testng.PickleWrapper,io.cucumber.testng.FeatureWrapper)[pri:0, instance:testRunner.TestRunner@6b695b06]" started-at="2025-08-22T16:17:08 IST" name="runScenario" description="Runs Cucumber Scenarios" data-provider="scenarios" finished-at="2025-08-22T16:17:16 IST" duration-ms="8423" status="PASS">
          <params>
            <param index="0">
              <value>
                <![CDATA["Login as a Admin"]]>
              </value>
            </param>
            <param index="1">
              <value>
                <![CDATA["Login page test cases"]]>
              </value>
            </param>
          </params>
          <reporter-output>
          </reporter-output>
        </test-method> <!-- runScenario -->
        <test-method signature="runScenario(io.cucumber.testng.PickleWrapper,io.cucumber.testng.FeatureWrapper)[pri:0, instance:testRunner.TestRunner@6b695b06]" started-at="2025-08-22T16:17:16 IST" name="runScenario" description="Runs Cucumber Scenarios" data-provider="scenarios" finished-at="2025-08-22T16:17:17 IST" duration-ms="1124" status="PASS">
          <params>
            <param index="0">
              <value>
                <![CDATA["Verify the invalid login error message"]]>
              </value>
            </param>
            <param index="1">
              <value>
                <![CDATA["Login page test cases"]]>
              </value>
            </param>
          </params>
          <reporter-output>
          </reporter-output>
        </test-method> <!-- runScenario -->
        <test-method is-config="true" signature="tearDownClass()[pri:0, instance:testRunner.TestRunner@6b695b06]" started-at="2025-08-22T16:17:17 IST" name="tearDownClass" finished-at="2025-08-22T16:17:18 IST" duration-ms="242" status="PASS">
          <reporter-output>
          </reporter-output>
        </test-method> <!-- tearDownClass -->
      </class> <!-- testRunner.TestRunner -->
    </test> <!-- SmokeTests -->
  </suite> <!-- AutomationSuite -->
</testng-results>
