<?xml version="1.0" encoding="UTF-8"?>
<testng-results ignored="0" total="2" passed="2" failed="0" skipped="0">
  <reporter-output>
  </reporter-output>
  <suite started-at="2025-08-23T18:48:58 IST" name="AutomationSuite" finished-at="2025-08-23T18:49:11 IST" duration-ms="13181">
    <groups>
      <group name="cucumber">
        <method signature="AbstractTestNGCucumberTests.runScenario(io.cucumber.testng.PickleWrapper,io.cucumber.testng.FeatureWrapper)[pri:0, instance:testRunner.TestRunner@7fd50002]" name="runScenario" class="io.cucumber.testng.AbstractTestNGCucumberTests"/>
      </group> <!-- cucumber -->
    </groups>
    <test started-at="2025-08-23T18:48:58 IST" name="SmokeTests" finished-at="2025-08-23T18:49:11 IST" duration-ms="13181">
      <class name="testRunner.TestRunner">
        <test-method is-config="true" signature="setUpClass(org.testng.ITestContext)[pri:0, instance:testRunner.TestRunner@7fd50002]" started-at="2025-08-23T18:48:58 IST" name="setUpClass" finished-at="2025-08-23T18:48:59 IST" duration-ms="493" status="PASS">
          <params>
            <param index="0">
              <value>
                <![CDATA[org.testng.TestRunner@31142d58]]>
              </value>
            </param>
          </params>
          <reporter-output>
          </reporter-output>
        </test-method> <!-- setUpClass -->
        <test-method signature="runScenario(io.cucumber.testng.PickleWrapper,io.cucumber.testng.FeatureWrapper)[pri:0, instance:testRunner.TestRunner@7fd50002]" started-at="2025-08-23T18:48:59 IST" name="runScenario" description="Runs Cucumber Scenarios" data-provider="scenarios" finished-at="2025-08-23T18:49:09 IST" duration-ms="10222" status="PASS">
          <params>
            <param index="0">
              <value>
                <![CDATA["Login as a Admin"]]>
              </value>
            </param>
            <param index="1">
              <value>
                <![CDATA["Login page test cases"]]>
              </value>
            </param>
          </params>
          <reporter-output>
          </reporter-output>
        </test-method> <!-- runScenario -->
        <test-method signature="runScenario(io.cucumber.testng.PickleWrapper,io.cucumber.testng.FeatureWrapper)[pri:0, instance:testRunner.TestRunner@7fd50002]" started-at="2025-08-23T18:49:09 IST" name="runScenario" description="Runs Cucumber Scenarios" data-provider="scenarios" finished-at="2025-08-23T18:49:11 IST" duration-ms="1914" status="PASS">
          <params>
            <param index="0">
              <value>
                <![CDATA["Verify the invalid login error message"]]>
              </value>
            </param>
            <param index="1">
              <value>
                <![CDATA["Login page test cases"]]>
              </value>
            </param>
          </params>
          <reporter-output>
          </reporter-output>
        </test-method> <!-- runScenario -->
        <test-method is-config="true" signature="tearDownClass()[pri:0, instance:testRunner.TestRunner@7fd50002]" started-at="2025-08-23T18:49:11 IST" name="tearDownClass" finished-at="2025-08-23T18:49:11 IST" duration-ms="447" status="PASS">
          <reporter-output>
          </reporter-output>
        </test-method> <!-- tearDownClass -->
      </class> <!-- testRunner.TestRunner -->
    </test> <!-- SmokeTests -->
  </suite> <!-- AutomationSuite -->
</testng-results>
